<?xml version="1.0" encoding="UTF-8"?>
<testsuites name="DemoTestSuite1" time="9.492" tests="1" failures="0" errors="0">
   <testsuite name="DemoTestSuite1" tests="1" failures="0" errors="0" time="9.492" skipped="0" timestamp="2021-11-29 06:21:25" hostname="Vinoth - NAUT-CAO-TEST01.caoautomation.com" id="Test Suites/DemoTestSuite1">
      <properties>
         <property name="deviceName" value=""/>
         <property name="devicePlatform" value=""/>
         <property name="logFolder" value="C:\\Users\\Vinoth\\git\\KatalonNew2\\Reports\\20211129_062120\\DemoTestSuite1\\20211129_062121"/>
         <property name="logFiles" value="C:\\Users\\Vinoth\\git\\KatalonNew2\\Reports\\20211129_062120\\DemoTestSuite1\\20211129_062121\\execution0.log"/>
         <property name="attachments" value=""/>
         <property name="hostName" value="Vinoth - NAUT-CAO-TEST01.caoautomation.com"/>
         <property name="os" value="Windows Server 2016 64bit"/>
         <property name="katalonVersion" value="8.1.0.208"/>
         <property name="browser" value="Chrome 96.0.4664.45"/>
         <property name="hostAddress" value="10.198.145.12"/>
         <property name="sessionId" value="0ae4634eefd9a1fc7d3754611d96727a"/>
         <property name="seleniumVersion" value="3.141.59"/>
         <property name="proxyInformation" value="ProxyInformation { proxyOption=NO_PROXY, proxyServerType=HTTP, username=, password=********, proxyServerAddress=, proxyServerPort=0, executionList=&quot;&quot;, isApplyToDesiredCapabilities=true }"/>
         <property name="platform" value="Windows Server 2016"/>
      </properties>
      <testcase name="Test Cases/DemoTestCase" time="8.355" classname="Test Cases/DemoTestCase" status="PASSED">
         <system-out><![CDATA[2021-11-29 06:21:25 - [TEST_CASE][PASSED] - Test Cases/DemoTestCase: Test Cases/DemoTestCase

2021-11-29 06:21:26 - [TEST_STEP][PASSED] - openBrowser(""): Browser is opened with url: ''

2021-11-29 06:21:26 - [MESSAGE][INFO] - Starting 'Chrome' driver

2021-11-29 06:21:26 - [MESSAGE][INFO] - Action delay is set to 0 milliseconds

2021-11-29 06:21:28 - [MESSAGE][PASSED] - Browser is opened with url: ''

2021-11-29 06:21:28 - [TEST_STEP][PASSED] - navigateToUrl("https://katalon-demo-cura.herokuapp.com/"): Navigate to 'https://katalon-demo-cura.herokuapp.com/' successfully

2021-11-29 06:21:30 - [MESSAGE][PASSED] - Navigate to 'https://katalon-demo-cura.herokuapp.com/' successfully

2021-11-29 06:21:30 - [TEST_STEP][PASSED] - click(findTestObject("Object Repository/Page_CURA Healthcare Service/a_Make Appointment")): Object: 'Object Repository/Page_CURA Healthcare Service/a_Make Appointment' is clicked on

2021-11-29 06:21:31 - [MESSAGE][PASSED] - Object: 'Object Repository/Page_CURA Healthcare Service/a_Make Appointment' is clicked on

2021-11-29 06:21:31 - [TEST_STEP][PASSED] - setText(findTestObject("Object Repository/Page_CURA Healthcare Service/input_Username_username"), "aaa"): Text 'aaa' is set on object 'Object Repository/Page_CURA Healthcare Service/input_Username_username'

2021-11-29 06:21:32 - [MESSAGE][PASSED] - Text 'aaa' is set on object 'Object Repository/Page_CURA Healthcare Service/input_Username_username'

2021-11-29 06:21:32 - [TEST_STEP][PASSED] - setEncryptedText(findTestObject("Object Repository/Page_CURA Healthcare Service/input_Password_password"), "nRR0+5HH7Fg="): Text ****** has been set on object 'Object Repository/Page_CURA Healthcare Service/input_Password_password'

2021-11-29 06:21:32 - [MESSAGE][PASSED] - Text ****** has been set on object 'Object Repository/Page_CURA Healthcare Service/input_Password_password'

2021-11-29 06:21:32 - [TEST_STEP][PASSED] - click(findTestObject("Object Repository/Page_CURA Healthcare Service/button_Login")): Object: 'Object Repository/Page_CURA Healthcare Service/button_Login' is clicked on

2021-11-29 06:21:33 - [MESSAGE][PASSED] - Object: 'Object Repository/Page_CURA Healthcare Service/button_Login' is clicked on

2021-11-29 06:21:33 - [TEST_STEP][PASSED] - closeBrowser(): Browser is closed

2021-11-29 06:21:34 - [MESSAGE][PASSED] - Browser is closed]]></system-out>
         <system-err><![CDATA[]]></system-err>
      </testcase>
      <system-out><![CDATA[2021-11-29 06:21:25 - [TEST_SUITE][PASSED] - DemoTestSuite1: Test Cases/DemoTestCase]]></system-out>
      <system-err><![CDATA[]]></system-err>
   </testsuite>
</testsuites>
